[debug] [2024-06-14T17:16:11.083Z] ----------------------------------------------------------------------
[debug] [2024-06-14T17:16:11.084Z] Command:       /home/knoveter/.nvm/versions/node/v18.19.1/bin/node /home/knoveter/.nvm/versions/node/v18.19.1/bin/firebase deploy --only functions
[debug] [2024-06-14T17:16:11.084Z] CLI Version:   13.11.2
[debug] [2024-06-14T17:16:11.084Z] Platform:      linux
[debug] [2024-06-14T17:16:11.084Z] Node Version:  v18.19.1
[debug] [2024-06-14T17:16:11.085Z] Time:          Fri Jun 14 2024 22:46:11 GMT+0530 (India Standard Time)
[debug] [2024-06-14T17:16:11.085Z] ----------------------------------------------------------------------
[debug] 
[debug] [2024-06-14T17:16:11.087Z] >>> [apiv2][query] GET https://firebase-public.firebaseio.com/cli.json [none]
[debug] [2024-06-14T17:16:11.159Z] > command requires scopes: ["email","openid","https://www.googleapis.com/auth/cloudplatformprojects.readonly","https://www.googleapis.com/auth/firebase","https://www.googleapis.com/auth/cloud-platform"]
[debug] [2024-06-14T17:16:11.159Z] > authorizing via signed-in user (msb6531@gmail.com)
[debug] [2024-06-14T17:16:11.159Z] [iam] checking project sacred-dahlia-408521 for permissions ["cloudfunctions.functions.create","cloudfunctions.functions.delete","cloudfunctions.functions.get","cloudfunctions.functions.list","cloudfunctions.functions.update","cloudfunctions.operations.get","firebase.projects.get"]
[debug] [2024-06-14T17:16:11.160Z] > refreshing access token with scopes: []
[debug] [2024-06-14T17:16:11.160Z] >>> [apiv2][query] POST https://www.googleapis.com/oauth2/v3/token [none]
[debug] [2024-06-14T17:16:11.160Z] >>> [apiv2][body] POST https://www.googleapis.com/oauth2/v3/token [omitted]
[debug] [2024-06-14T17:16:11.933Z] <<< [apiv2][status] POST https://www.googleapis.com/oauth2/v3/token 200
[debug] [2024-06-14T17:16:11.933Z] <<< [apiv2][body] POST https://www.googleapis.com/oauth2/v3/token [omitted]
[debug] [2024-06-14T17:16:11.938Z] >>> [apiv2][query] POST https://cloudresourcemanager.googleapis.com/v1/projects/sacred-dahlia-408521:testIamPermissions [none]
[debug] [2024-06-14T17:16:11.938Z] >>> [apiv2][(partial)header] POST https://cloudresourcemanager.googleapis.com/v1/projects/sacred-dahlia-408521:testIamPermissions x-goog-quota-user=projects/sacred-dahlia-408521
[debug] [2024-06-14T17:16:11.938Z] >>> [apiv2][body] POST https://cloudresourcemanager.googleapis.com/v1/projects/sacred-dahlia-408521:testIamPermissions {"permissions":["cloudfunctions.functions.create","cloudfunctions.functions.delete","cloudfunctions.functions.get","cloudfunctions.functions.list","cloudfunctions.functions.update","cloudfunctions.operations.get","firebase.projects.get"]}
[debug] [2024-06-14T17:16:13.312Z] <<< [apiv2][status] GET https://firebase-public.firebaseio.com/cli.json 200
[debug] [2024-06-14T17:16:13.312Z] <<< [apiv2][body] GET https://firebase-public.firebaseio.com/cli.json {"cloudBuildErrorAfter":1594252800000,"cloudBuildWarnAfter":1590019200000,"defaultNode10After":1594252800000,"minVersion":"3.0.5","node8DeploysDisabledAfter":1613390400000,"node8RuntimeDisabledAfter":1615809600000,"node8WarnAfter":1600128000000}
[debug] [2024-06-14T17:16:13.928Z] <<< [apiv2][status] POST https://cloudresourcemanager.googleapis.com/v1/projects/sacred-dahlia-408521:testIamPermissions 200
[debug] [2024-06-14T17:16:13.929Z] <<< [apiv2][body] POST https://cloudresourcemanager.googleapis.com/v1/projects/sacred-dahlia-408521:testIamPermissions {"permissions":["cloudfunctions.functions.create","cloudfunctions.functions.delete","cloudfunctions.functions.get","cloudfunctions.functions.list","cloudfunctions.functions.update","cloudfunctions.operations.get","firebase.projects.get"]}
[debug] [2024-06-14T17:16:13.929Z] >>> [apiv2][query] POST https://iam.googleapis.com/v1/projects/sacred-dahlia-408521/serviceAccounts/sacred-dahlia-408521@appspot.gserviceaccount.com:testIamPermissions [none]
[debug] [2024-06-14T17:16:13.929Z] >>> [apiv2][body] POST https://iam.googleapis.com/v1/projects/sacred-dahlia-408521/serviceAccounts/sacred-dahlia-408521@appspot.gserviceaccount.com:testIamPermissions {"permissions":["iam.serviceAccounts.actAs"]}
[debug] [2024-06-14T17:16:22.811Z] <<< [apiv2][status] POST https://iam.googleapis.com/v1/projects/sacred-dahlia-408521/serviceAccounts/sacred-dahlia-408521@appspot.gserviceaccount.com:testIamPermissions 200
[debug] [2024-06-14T17:16:22.812Z] <<< [apiv2][body] POST https://iam.googleapis.com/v1/projects/sacred-dahlia-408521/serviceAccounts/sacred-dahlia-408521@appspot.gserviceaccount.com:testIamPermissions {"permissions":["iam.serviceAccounts.actAs"]}
[info] 
[info] === Deploying to 'sacred-dahlia-408521'...
[info] 
[info] i  deploying functions 
[debug] [2024-06-14T17:16:22.815Z] >>> [apiv2][query] GET https://firebase.googleapis.com/v1beta1/projects/sacred-dahlia-408521 [none]
